This file contains any messages produced by compilers while
running configure, to aid debugging if configure makes a mistake.

It was created by example configure 0.1, which was
generated by GNU Autoconf 2.69.  Invocation command line was

  $ ./configure 

## --------- ##
## Platform. ##
## --------- ##

hostname = hellokbuildbot
uname -m = x86_64
uname -r = 3.8.0-29-generic
uname -s = Linux
uname -v = #42-Ubuntu SMP Tue Aug 13 19:40:39 UTC 2013

/usr/bin/uname -p = unknown
/bin/uname -X     = unknown

/bin/arch              = unknown
/usr/bin/arch -k       = unknown
/usr/convex/getsysinfo = unknown
/usr/bin/hostinfo      = unknown
/bin/machine           = unknown
/usr/bin/oslevel       = unknown
/bin/universe          = unknown

PATH: /usr/local/sbin
PATH: /usr/local/bin
PATH: /usr/sbin
PATH: /usr/bin
PATH: /sbin
PATH: /bin
PATH: /usr/games
PATH: /usr/local/games
PATH: /home/hellok/depot_tools


## ----------- ##
## Core tests. ##
## ----------- ##

configure:2024: checking for gcc
configure:2040: found /usr/bin/gcc
configure:2051: result: gcc
configure:2280: checking for C compiler version
configure:2289: gcc --version >&5
gcc (Ubuntu/Linaro 4.7.3-1ubuntu1) 4.7.3
Copyright (C) 2012 Free Software Foundation, Inc.
This is free software; see the source for copying conditions.  There is NO
warranty; not even for MERCHANTABILITY or FITNESS FOR A PARTICULAR PURPOSE.

configure:2300: $? = 0
configure:2289: gcc -v >&5
Using built-in specs.
COLLECT_GCC=gcc
COLLECT_LTO_WRAPPER=/usr/lib/gcc/x86_64-linux-gnu/4.7/lto-wrapper
Target: x86_64-linux-gnu
Configured with: ../src/configure -v --with-pkgversion='Ubuntu/Linaro 4.7.3-1ubuntu1' --with-bugurl=file:///usr/share/doc/gcc-4.7/README.Bugs --enable-languages=c,c++,go,fortran,objc,obj-c++ --prefix=/usr --program-suffix=-4.7 --enable-shared --enable-linker-build-id --libexecdir=/usr/lib --without-included-gettext --enable-threads=posix --with-gxx-include-dir=/usr/include/c++/4.7 --libdir=/usr/lib --enable-nls --with-sysroot=/ --enable-clocale=gnu --enable-libstdcxx-debug --enable-libstdcxx-time=yes --enable-gnu-unique-object --enable-plugin --with-system-zlib --enable-objc-gc --with-cloog --enable-cloog-backend=ppl --disable-cloog-version-check --disable-ppl-version-check --enable-multiarch --disable-werror --with-arch-32=i686 --with-abi=m64 --with-multilib-list=m32,m64,mx32 --with-tune=generic --enable-checking=release --build=x86_64-linux-gnu --host=x86_64-linux-gnu --target=x86_64-linux-gnu
Thread model: posix
gcc version 4.7.3 (Ubuntu/Linaro 4.7.3-1ubuntu1) 
configure:2300: $? = 0
configure:2289: gcc -V >&5
gcc: error: unrecognized command line option '-V'
gcc: fatal error: no input files
compilation terminated.
configure:2300: $? = 4
configure:2289: gcc -qversion >&5
gcc: error: unrecognized command line option '-qversion'
gcc: fatal error: no input files
compilation terminated.
configure:2300: $? = 4
configure:2320: checking whether the C compiler works
configure:2342: gcc    conftest.c  >&5
configure:2346: $? = 0
configure:2394: result: yes
configure:2397: checking for C compiler default output file name
configure:2399: result: a.out
configure:2405: checking for suffix of executables
configure:2412: gcc -o conftest    conftest.c  >&5
configure:2416: $? = 0
configure:2438: result: 
configure:2460: checking whether we are cross compiling
configure:2468: gcc -o conftest    conftest.c  >&5
configure:2472: $? = 0
configure:2479: ./conftest
configure:2483: $? = 0
configure:2498: result: no
configure:2503: checking for suffix of object files
configure:2525: gcc -c   conftest.c >&5
configure:2529: $? = 0
configure:2550: result: o
configure:2554: checking whether we are using the GNU C compiler
configure:2573: gcc -c   conftest.c >&5
configure:2573: $? = 0
configure:2582: result: yes
configure:2591: checking whether gcc accepts -g
configure:2611: gcc -c -g  conftest.c >&5
configure:2611: $? = 0
configure:2652: result: yes
configure:2669: checking for gcc option to accept ISO C89
configure:2732: gcc  -c -g -O2  conftest.c >&5
configure:2732: $? = 0
configure:2745: result: none needed
configure:2771: checking how to run the C preprocessor
configure:2802: gcc -E  conftest.c
configure:2802: $? = 0
configure:2816: gcc -E  conftest.c
conftest.c:9:28: fatal error: ac_nonexistent.h: No such file or directory
compilation terminated.
configure:2816: $? = 1
configure: failed program was:
| /* confdefs.h */
| #define PACKAGE_NAME "example"
| #define PACKAGE_TARNAME "example"
| #define PACKAGE_VERSION "0.1"
| #define PACKAGE_STRING "example 0.1"
| #define PACKAGE_BUGREPORT "keescook@chromium.org"
| #define PACKAGE_URL "http://outflux.net/teach-seccomp/"
| /* end confdefs.h.  */
| #include <ac_nonexistent.h>
configure:2841: result: gcc -E
configure:2861: gcc -E  conftest.c
configure:2861: $? = 0
configure:2875: gcc -E  conftest.c
conftest.c:9:28: fatal error: ac_nonexistent.h: No such file or directory
compilation terminated.
configure:2875: $? = 1
configure: failed program was:
| /* confdefs.h */
| #define PACKAGE_NAME "example"
| #define PACKAGE_TARNAME "example"
| #define PACKAGE_VERSION "0.1"
| #define PACKAGE_STRING "example 0.1"
| #define PACKAGE_BUGREPORT "keescook@chromium.org"
| #define PACKAGE_URL "http://outflux.net/teach-seccomp/"
| /* end confdefs.h.  */
| #include <ac_nonexistent.h>
configure:2904: checking for grep that handles long lines and -e
configure:2962: result: /bin/grep
configure:2967: checking for egrep
configure:3029: result: /bin/grep -E
configure:3034: checking for ANSI C header files
configure:3054: gcc -c -g -O2  conftest.c >&5
configure:3054: $? = 0
configure:3127: gcc -o conftest -g -O2   conftest.c  >&5
configure:3127: $? = 0
configure:3127: ./conftest
configure:3127: $? = 0
configure:3138: result: yes
configure:3151: checking for sys/types.h
configure:3151: gcc -c -g -O2  conftest.c >&5
configure:3151: $? = 0
configure:3151: result: yes
configure:3151: checking for sys/stat.h
configure:3151: gcc -c -g -O2  conftest.c >&5
configure:3151: $? = 0
configure:3151: result: yes
configure:3151: checking for stdlib.h
configure:3151: gcc -c -g -O2  conftest.c >&5
configure:3151: $? = 0
configure:3151: result: yes
configure:3151: checking for string.h
configure:3151: gcc -c -g -O2  conftest.c >&5
configure:3151: $? = 0
configure:3151: result: yes
configure:3151: checking for memory.h
configure:3151: gcc -c -g -O2  conftest.c >&5
configure:3151: $? = 0
configure:3151: result: yes
configure:3151: checking for strings.h
configure:3151: gcc -c -g -O2  conftest.c >&5
configure:3151: $? = 0
configure:3151: result: yes
configure:3151: checking for inttypes.h
configure:3151: gcc -c -g -O2  conftest.c >&5
configure:3151: $? = 0
configure:3151: result: yes
configure:3151: checking for stdint.h
configure:3151: gcc -c -g -O2  conftest.c >&5
configure:3151: $? = 0
configure:3151: result: yes
configure:3151: checking for unistd.h
configure:3151: gcc -c -g -O2  conftest.c >&5
configure:3151: $? = 0
configure:3151: result: yes
configure:3165: checking linux/seccomp.h usability
configure:3165: gcc -c -g -O2  conftest.c >&5
configure:3165: $? = 0
configure:3165: result: yes
configure:3165: checking linux/seccomp.h presence
configure:3165: gcc -E  conftest.c
configure:3165: $? = 0
configure:3165: result: yes
configure:3165: checking for linux/seccomp.h
configure:3165: result: yes
configure:3289: creating ./config.status

## ---------------------- ##
## Running config.status. ##
## ---------------------- ##

This file was extended by example config.status 0.1, which was
generated by GNU Autoconf 2.69.  Invocation command line was

  CONFIG_FILES    = 
  CONFIG_HEADERS  = 
  CONFIG_LINKS    = 
  CONFIG_COMMANDS = 
  $ ./config.status 

on hellokbuildbot

config.status:676: creating config.h

## ---------------- ##
## Cache variables. ##
## ---------------- ##

ac_cv_c_compiler_gnu=yes
ac_cv_env_CC_set=
ac_cv_env_CC_value=
ac_cv_env_CFLAGS_set=
ac_cv_env_CFLAGS_value=
ac_cv_env_CPPFLAGS_set=
ac_cv_env_CPPFLAGS_value=
ac_cv_env_CPP_set=
ac_cv_env_CPP_value=
ac_cv_env_LDFLAGS_set=
ac_cv_env_LDFLAGS_value=
ac_cv_env_LIBS_set=
ac_cv_env_LIBS_value=
ac_cv_env_build_alias_set=
ac_cv_env_build_alias_value=
ac_cv_env_host_alias_set=
ac_cv_env_host_alias_value=
ac_cv_env_target_alias_set=
ac_cv_env_target_alias_value=
ac_cv_header_inttypes_h=yes
ac_cv_header_linux_seccomp_h=yes
ac_cv_header_memory_h=yes
ac_cv_header_stdc=yes
ac_cv_header_stdint_h=yes
ac_cv_header_stdlib_h=yes
ac_cv_header_string_h=yes
ac_cv_header_strings_h=yes
ac_cv_header_sys_stat_h=yes
ac_cv_header_sys_types_h=yes
ac_cv_header_unistd_h=yes
ac_cv_objext=o
ac_cv_path_EGREP='/bin/grep -E'
ac_cv_path_GREP=/bin/grep
ac_cv_prog_CPP='gcc -E'
ac_cv_prog_ac_ct_CC=gcc
ac_cv_prog_cc_c89=
ac_cv_prog_cc_g=yes

## ----------------- ##
## Output variables. ##
## ----------------- ##

CC='gcc'
CFLAGS='-g -O2'
CPP='gcc -E'
CPPFLAGS=''
DEFS='-DHAVE_CONFIG_H'
ECHO_C=''
ECHO_N='-n'
ECHO_T=''
EGREP='/bin/grep -E'
EXEEXT=''
GREP='/bin/grep'
LDFLAGS=''
LIBOBJS=''
LIBS=''
LTLIBOBJS=''
OBJEXT='o'
PACKAGE_BUGREPORT='keescook@chromium.org'
PACKAGE_NAME='example'
PACKAGE_STRING='example 0.1'
PACKAGE_TARNAME='example'
PACKAGE_URL='http://outflux.net/teach-seccomp/'
PACKAGE_VERSION='0.1'
PATH_SEPARATOR=':'
SHELL='/bin/bash'
ac_ct_CC='gcc'
bindir='${exec_prefix}/bin'
build_alias=''
datadir='${datarootdir}'
datarootdir='${prefix}/share'
docdir='${datarootdir}/doc/${PACKAGE_TARNAME}'
dvidir='${docdir}'
exec_prefix='${prefix}'
host_alias=''
htmldir='${docdir}'
includedir='${prefix}/include'
infodir='${datarootdir}/info'
libdir='${exec_prefix}/lib'
libexecdir='${exec_prefix}/libexec'
localedir='${datarootdir}/locale'
localstatedir='${prefix}/var'
mandir='${datarootdir}/man'
oldincludedir='/usr/include'
pdfdir='${docdir}'
prefix='/usr/local'
program_transform_name='s,x,x,'
psdir='${docdir}'
sbindir='${exec_prefix}/sbin'
sharedstatedir='${prefix}/com'
sysconfdir='${prefix}/etc'
target_alias=''

## ----------- ##
## confdefs.h. ##
## ----------- ##

/* confdefs.h */
#define PACKAGE_NAME "example"
#define PACKAGE_TARNAME "example"
#define PACKAGE_VERSION "0.1"
#define PACKAGE_STRING "example 0.1"
#define PACKAGE_BUGREPORT "keescook@chromium.org"
#define PACKAGE_URL "http://outflux.net/teach-seccomp/"
#define STDC_HEADERS 1
#define HAVE_SYS_TYPES_H 1
#define HAVE_SYS_STAT_H 1
#define HAVE_STDLIB_H 1
#define HAVE_STRING_H 1
#define HAVE_MEMORY_H 1
#define HAVE_STRINGS_H 1
#define HAVE_INTTYPES_H 1
#define HAVE_STDINT_H 1
#define HAVE_UNISTD_H 1
#define HAVE_LINUX_SECCOMP_H 1

configure: exit 0
